<?xml version="1.0" encoding="UTF-8"?>
<Site BuildName="(empty)"
	BuildStamp="20231220-2027-Experimental"
	Name="(empty)"
	Generator="ctest-3.27.6"
	CompilerName=""
	CompilerVersion=""
	OSName="macOS"
	Hostname="MacBook-Air-Semen.local"
	OSRelease="14.1.1"
	OSVersion="23B81"
	OSPlatform="arm64"
	Is64Bits="1"
	VendorString="IBM"
	VendorID="IBM"
	FamilyID="16777228"
	ModelID="2"
	ProcessorCacheSize="131072"
	NumberOfLogicalCPU="8"
	NumberOfPhysicalCPU="8"
	TotalVirtualMemory="0"
	TotalPhysicalMemory="8192"
	LogicalProcessorsPerPhysical="8"
	ProcessorClockFrequency="0"
	>
	<Testing>
		<StartDateTime>Dec 20 23:27 MSK</StartDateTime>
		<StartTestTime>1703104056</StartTestTime>
		<TestList/>
		<EndDateTime>Dec 20 23:27 MSK</EndDateTime>
		<EndTestTime>1703104056</EndTestTime>
		<ElapsedMinutes>0</ElapsedMinutes>
	</Testing>
</Site>
